#
# There is insufficient memory for the Java Runtime Environment to continue.
# Native memory allocation (malloc) failed to allocate 324496 bytes. Error detail: Chunk::new
# Possible reasons:
#   The system is out of physical RAM or swap space
#   This process is running with CompressedOops enabled, and the Java Heap may be blocking the growth of the native heap
# Possible solutions:
#   Reduce memory load on the system
#   Increase physical memory or swap space
#   Check if swap backing store is full
#   Decrease Java heap size (-Xmx/-Xms)
#   Decrease number of Java threads
#   Decrease Java thread stack sizes (-Xss)
#   Set larger code cache with -XX:ReservedCodeCacheSize=
#   JVM is running with Unscaled Compressed Oops mode in which the Java heap is
#     placed in the first 4GB address space. The Java Heap base address is the
#     maximum limit for the native heap growth. Please use -XX:HeapBaseMinAddress
#     to set the Java Heap base and to place the Java Heap above 4GB virtual address.
# This output file may be truncated or incomplete.
#
#  Out of Memory Error (arena.cpp:168), pid=5268, tid=5424
#
# JRE version: OpenJDK Runtime Environment Temurin-21.0.10+7 (21.0.10+7) (build 21.0.10+7-LTS)
# Java VM: OpenJDK 64-Bit Server VM Temurin-21.0.10+7 (21.0.10+7-LTS, mixed mode, sharing, tiered, compressed oops, compressed class ptrs, parallel gc, windows-amd64)
# No core dump will be written. Minidumps are not enabled by default on client versions of Windows
#

---------------  S U M M A R Y ------------

Command Line: --add-modules=ALL-SYSTEM --add-opens=java.base/java.util=ALL-UNNAMED --add-opens=java.base/java.lang=ALL-UNNAMED --add-opens=java.base/sun.nio.fs=ALL-UNNAMED -Declipse.application=org.eclipse.jdt.ls.core.id1 -Dosgi.bundles.defaultStartLevel=4 -Declipse.product=org.eclipse.jdt.ls.core.product -Djava.import.generatesMetadataFilesAtProjectRoot=false -DDetectVMInstallationsJob.disabled=true -Dfile.encoding=utf8 -XX:+UseParallelGC -XX:GCTimeRatio=4 -XX:AdaptiveSizePolicyWeight=90 -Dsun.zip.disableMemoryMapping=true -Xmx2G -Xms100m -Xlog:disable -javaagent:c:\Users\ACER\.vscode\extensions\redhat.java-1.53.0-win32-x64\lombok\lombok-1.18.39-4050.jar c:\Users\ACER\.vscode\extensions\redhat.java-1.53.0-win32-x64\server\plugins\org.eclipse.equinox.launcher_1.7.100.v20251111-0406.jar -configuration c:\Users\ACER\AppData\Roaming\Code\User\globalStorage\redhat.java\1.53.0\config_ss_win -data c:\Users\ACER\AppData\Roaming\Code\User\workspaceStorage\8249dfd496b60de5293caa00bb29f171\redhat.java\ss_ws --pipe=\\.\pipe\lsp-36371c2528a8580c8c7dfa823373667d-sock

Host: Intel(R) Core(TM) i3-5005U CPU @ 2.00GHz, 4 cores, 3G,  Windows 10 , 64 bit Build 19041 (10.0.19041.5915)
Time: Sat Jul 18 19:58:55 2026 Sri Lanka Standard Time elapsed time: 4.715400 seconds (0d 0h 0m 4s)

---------------  T H R E A D  ---------------

Current thread (0x000001d2cfb06810):  JavaThread "C2 CompilerThread0" daemon [_thread_in_native, id=5424, stack(0x0000009264300000,0x0000009264400000) (1024K)]


Current CompileTask:
C2:4715 1733       4       java.io.WinNTFileSystem::normalize (143 bytes)

Stack: [0x0000009264300000,0x0000009264400000]
Native frames: (J=compiled Java code, j=interpreted, Vv=VM code, C=native code)
V  [jvm.dll+0x6d7a39]
V  [jvm.dll+0x8b4b26]
V  [jvm.dll+0x8b70de]
V  [jvm.dll+0x8b77c3]
V  [jvm.dll+0x284346]
V  [jvm.dll+0xc66ed]
V  [jvm.dll+0xc6c31]
V  [jvm.dll+0x3bec01]
V  [jvm.dll+0x38b162]
V  [jvm.dll+0x38a5aa]
V  [jvm.dll+0x24c560]
V  [jvm.dll+0x24bb40]
V  [jvm.dll+0x1cb34e]
V  [jvm.dll+0x25b85d]
V  [jvm.dll+0x259dea]
V  [jvm.dll+0x3f857e]
V  [jvm.dll+0x85f59d]
V  [jvm.dll+0x6d626d]
C  [ucrtbase.dll+0x21bb2]
C  [KERNEL32.DLL+0x17374]
C  [ntdll.dll+0x4cc91]


---------------  P R O C E S S  ---------------

Threads class SMR info:
_java_thread_list=0x000001d2e7a9e020, length=12, elements={
0x000001d2cfc04830, 0x000001d2cfae8f40, 0x000001d2cfaea7b0, 0x000001d2cfaec380,
0x000001d2cfaed4f0, 0x000001d2cfaf09c0, 0x000001d2cfaf7600, 0x000001d2cfb06810,
0x000001d2cfb303e0, 0x000001d2e7315230, 0x000001d2e7403140, 0x000001d2e78d3780
}

Java Threads: ( => current thread )
  0x000001d2cfc04830 JavaThread "main"                              [_thread_in_Java, id=12460, stack(0x0000009263900000,0x0000009263a00000) (1024K)]
  0x000001d2cfae8f40 JavaThread "Reference Handler"          daemon [_thread_blocked, id=9520, stack(0x0000009263d00000,0x0000009263e00000) (1024K)]
  0x000001d2cfaea7b0 JavaThread "Finalizer"                  daemon [_thread_blocked, id=12988, stack(0x0000009263e00000,0x0000009263f00000) (1024K)]
  0x000001d2cfaec380 JavaThread "Signal Dispatcher"          daemon [_thread_blocked, id=7992, stack(0x0000009263f00000,0x0000009264000000) (1024K)]
  0x000001d2cfaed4f0 JavaThread "Attach Listener"            daemon [_thread_blocked, id=3952, stack(0x0000009264000000,0x0000009264100000) (1024K)]
  0x000001d2cfaf09c0 JavaThread "Service Thread"             daemon [_thread_blocked, id=4304, stack(0x0000009264100000,0x0000009264200000) (1024K)]
  0x000001d2cfaf7600 JavaThread "Monitor Deflation Thread"   daemon [_thread_blocked, id=11836, stack(0x0000009264200000,0x0000009264300000) (1024K)]
=>0x000001d2cfb06810 JavaThread "C2 CompilerThread0"         daemon [_thread_in_native, id=5424, stack(0x0000009264300000,0x0000009264400000) (1024K)]
  0x000001d2cfb303e0 JavaThread "C1 CompilerThread0"         daemon [_thread_blocked, id=10304, stack(0x0000009264400000,0x0000009264500000) (1024K)]
  0x000001d2e7315230 JavaThread "Common-Cleaner"             daemon [_thread_blocked, id=3856, stack(0x0000009264500000,0x0000009264600000) (1024K)]
  0x000001d2e7403140 JavaThread "Notification Thread"        daemon [_thread_blocked, id=13036, stack(0x0000009264600000,0x0000009264700000) (1024K)]
  0x000001d2e78d3780 JavaThread "Active Thread: Equinox Container: 4d4947ba-a3a8-4f16-aed7-da6c6d4d5fe1"        [_thread_blocked, id=12844, stack(0x0000009264a00000,0x0000009264b00000) (1024K)]
Total: 12

Other Threads:
  0x000001d2cfade150 VMThread "VM Thread"                           [id=2364, stack(0x0000009263c00000,0x0000009263d00000) (1024K)]
  0x000001d2cfa9cb40 WatcherThread "VM Periodic Task Thread"        [id=3120, stack(0x0000009263b00000,0x0000009263c00000) (1024K)]
  0x000001d2cfc25b60 WorkerThread "GC Thread#0"                     [id=12148, stack(0x0000009263a00000,0x0000009263b00000) (1024K)]
  0x000001d2e7980010 WorkerThread "GC Thread#1"                     [id=11980, stack(0x0000009264700000,0x0000009264800000) (1024K)]
  0x000001d2e7ae9a00 WorkerThread "GC Thread#2"                     [id=10636, stack(0x0000009264800000,0x0000009264900000) (1024K)]
  0x000001d2e76349d0 WorkerThread "GC Thread#3"                     [id=12568, stack(0x0000009264900000,0x0000009264a00000) (1024K)]
Total: 6

Threads with active compile tasks:
C2 CompilerThread0  4773 1733       4       java.io.WinNTFileSystem::normalize (143 bytes)
Total: 1

VM state: not at safepoint (normal execution)

VM Mutex/Monitor currently owned by a thread: None

Heap address: 0x0000000080000000, size: 2048 MB, Compressed Oops mode: 32-bit

CDS archive(s) mapped at: [0x000001d280000000-0x000001d280ba0000-0x000001d280ba0000), size 12189696, SharedBaseAddress: 0x000001d280000000, ArchiveRelocationMode: 1.
Compressed class space mapped at: 0x000001d281000000-0x000001d2c1000000, reserved size: 1073741824
Narrow klass base: 0x000001d280000000, Narrow klass shift: 0, Narrow klass range: 0x100000000

GC Precious Log:
 CardTable entry size: 512
 CPUs: 4 total, 4 available
 Memory: 4016M
 Large Page Support: Disabled
 NUMA Support: Disabled
 Compressed Oops: Enabled (32-bit)
 Alignments: Space 512K, Generation 512K, Heap 2M
 Heap Min Capacity: 100M
 Heap Initial Capacity: 100M
 Heap Max Capacity: 2G
 Pre-touch: Disabled
 Parallel Workers: 4

Heap:
 PSYoungGen      total 29696K, used 26555K [0x00000000d5580000, 0x00000000d7680000, 0x0000000100000000)
  eden space 25600K, 90% used [0x00000000d5580000,0x00000000d6c34f98,0x00000000d6e80000)
  from space 4096K, 80% used [0x00000000d6e80000,0x00000000d71b9e98,0x00000000d7280000)
  to   space 4096K, 0% used [0x00000000d7280000,0x00000000d7280000,0x00000000d7680000)
 ParOldGen       total 68608K, used 16K [0x0000000080000000, 0x0000000084300000, 0x00000000d5580000)
  object space 68608K, 0% used [0x0000000080000000,0x0000000080004000,0x0000000084300000)
 Metaspace       used 7934K, committed 8192K, reserved 1114112K
  class space    used 831K, committed 960K, reserved 1048576K

Card table byte_map: [0x000001d2cf5b0000,0x000001d2cf9c0000] _byte_map_base: 0x000001d2cf1b0000

Marking Bits: (ParMarkBitMap*) 0x00007ff9eff03450
 Begin Bits: [0x000001d2e20c0000, 0x000001d2e40c0000)
 End Bits:   [0x000001d2e40c0000, 0x000001d2e60c0000)

Polling page: 0x000001d2cd940000

Metaspace:

Usage:
  Non-class:      6.94 MB used.
      Class:    831.02 KB used.
       Both:      7.75 MB used.

Virtual space:
  Non-class space:       64.00 MB reserved,       7.06 MB ( 11%) committed,  1 nodes.
      Class space:        1.00 GB reserved,     960.00 KB ( <1%) committed,  1 nodes.
             Both:        1.06 GB reserved,       8.00 MB ( <1%) committed. 

Chunk freelists:
   Non-Class:  8.83 MB
       Class:  14.91 MB
        Both:  23.73 MB

MaxMetaspaceSize: unlimited
CompressedClassSpaceSize: 1.00 GB
Initial GC threshold: 21.00 MB
Current GC threshold: 21.00 MB
CDS: on
 - commit_granule_bytes: 65536.
 - commit_granule_words: 8192.
 - virtual_space_node_default_size: 8388608.
 - enlarge_chunks_in_place: 1.
 - use_allocation_guard: 0.


Internal statistics:

num_allocs_failed_limit: 0.
num_arena_births: 228.
num_arena_deaths: 0.
num_vsnodes_births: 2.
num_vsnodes_deaths: 0.
num_space_committed: 128.
num_space_uncommitted: 0.
num_chunks_returned_to_freelist: 0.
num_chunks_taken_from_freelist: 423.
num_chunk_merges: 0.
num_chunk_splits: 270.
num_chunks_enlarged: 177.
num_inconsistent_stats: 0.

CodeHeap 'non-profiled nmethods': size=120000Kb used=690Kb max_used=690Kb free=119309Kb
 bounds [0x000001d2da8e0000, 0x000001d2dab50000, 0x000001d2e1e10000]
CodeHeap 'profiled nmethods': size=120000Kb used=3097Kb max_used=3097Kb free=116902Kb
 bounds [0x000001d2d2e10000, 0x000001d2d3120000, 0x000001d2da340000]
CodeHeap 'non-nmethods': size=5760Kb used=1216Kb max_used=1232Kb free=4543Kb
 bounds [0x000001d2da340000, 0x000001d2da5b0000, 0x000001d2da8e0000]
CodeCache: size=245760Kb, used=5003Kb, max_used=5019Kb, free=240754Kb
 total_blobs=2215, nmethods=1733, adapters=389, full_count=0
Compilation: enabled, stopped_count=0, restarted_count=0

Compilation events (20 events):
Event: 4.606 Thread 0x000001d2cfb303e0 nmethod 1723 0x000001d2d310cb10 code [0x000001d2d310cce0, 0x000001d2d310cf88]
Event: 4.607 Thread 0x000001d2cfb303e0 1724       3       java.util.StringTokenizer::<init> (8 bytes)
Event: 4.607 Thread 0x000001d2cfb303e0 nmethod 1724 0x000001d2d310d090 code [0x000001d2d310d240, 0x000001d2d310d380]
Event: 4.609 Thread 0x000001d2cfb303e0 1725       3       java.lang.AbstractStringBuilder::appendChars (207 bytes)
Event: 4.612 Thread 0x000001d2cfb303e0 nmethod 1725 0x000001d2d310d410 code [0x000001d2d310d6c0, 0x000001d2d310e5e8]
Event: 4.652 Thread 0x000001d2cfb303e0 1726       3       java.net.URL::isValidProtocol (78 bytes)
Event: 4.655 Thread 0x000001d2cfb303e0 nmethod 1726 0x000001d2d310eb10 code [0x000001d2d310ee20, 0x000001d2d3110058]
Event: 4.655 Thread 0x000001d2cfb303e0 1728       3       java.io.WinNTFileSystem::normalizePrefix (132 bytes)
Event: 4.658 Thread 0x000001d2cfb303e0 nmethod 1728 0x000001d2d3110790 code [0x000001d2d3110ba0, 0x000001d2d3112b48]
Event: 4.659 Thread 0x000001d2cfb303e0 1729       3       java.lang.AbstractStringBuilder::append (67 bytes)
Event: 4.659 Thread 0x000001d2cfb303e0 nmethod 1729 0x000001d2d3113790 code [0x000001d2d31139a0, 0x000001d2d3114020]
Event: 4.659 Thread 0x000001d2cfb303e0 1727       1       sun.nio.fs.NativeBuffer::address (5 bytes)
Event: 4.660 Thread 0x000001d2cfb303e0 nmethod 1727 0x000001d2da98c610 code [0x000001d2da98c7a0, 0x000001d2da98c868]
Event: 4.660 Thread 0x000001d2cfb303e0 1730       3       java.lang.ThreadLocal$ThreadLocalMap::getEntry (42 bytes)
Event: 4.661 Thread 0x000001d2cfb303e0 nmethod 1730 0x000001d2d3114210 code [0x000001d2d31143e0, 0x000001d2d31147a0]
Event: 4.664 Thread 0x000001d2cfb303e0 1731       3       java.net.URL::toExternalForm (9 bytes)
Event: 4.665 Thread 0x000001d2cfb303e0 nmethod 1731 0x000001d2d3114990 code [0x000001d2d3114b40, 0x000001d2d3114d20]
Event: 4.674 Thread 0x000001d2cfb303e0 1732       3       org.eclipse.osgi.framework.util.SecureAction::getProperty (31 bytes)
Event: 4.674 Thread 0x000001d2cfb303e0 nmethod 1732 0x000001d2d3114e10 code [0x000001d2d3115000, 0x000001d2d3115458]
Event: 4.675 Thread 0x000001d2cfb06810 1733       4       java.io.WinNTFileSystem::normalize (143 bytes)

GC Heap History (2 events):
Event: 2.310 GC heap before
{Heap before GC invocations=1 (full 0):
 PSYoungGen      total 29696K, used 25600K [0x00000000d5580000, 0x00000000d7680000, 0x0000000100000000)
  eden space 25600K, 100% used [0x00000000d5580000,0x00000000d6e80000,0x00000000d6e80000)
  from space 4096K, 0% used [0x00000000d7280000,0x00000000d7280000,0x00000000d7680000)
  to   space 4096K, 0% used [0x00000000d6e80000,0x00000000d6e80000,0x00000000d7280000)
 ParOldGen       total 68608K, used 0K [0x0000000080000000, 0x0000000084300000, 0x00000000d5580000)
  object space 68608K, 0% used [0x0000000080000000,0x0000000080000000,0x0000000084300000)
 Metaspace       used 4383K, committed 4608K, reserved 1114112K
  class space    used 474K, committed 576K, reserved 1048576K
}
Event: 2.325 GC heap after
{Heap after GC invocations=1 (full 0):
 PSYoungGen      total 29696K, used 3303K [0x00000000d5580000, 0x00000000d7680000, 0x0000000100000000)
  eden space 25600K, 0% used [0x00000000d5580000,0x00000000d5580000,0x00000000d6e80000)
  from space 4096K, 80% used [0x00000000d6e80000,0x00000000d71b9e98,0x00000000d7280000)
  to   space 4096K, 0% used [0x00000000d7280000,0x00000000d7280000,0x00000000d7680000)
 ParOldGen       total 68608K, used 16K [0x0000000080000000, 0x0000000084300000, 0x00000000d5580000)
  object space 68608K, 0% used [0x0000000080000000,0x0000000080004000,0x0000000084300000)
 Metaspace       used 4383K, committed 4608K, reserved 1114112K
  class space    used 474K, committed 576K, reserved 1048576K
}

Dll operation events (8 events):
Event: 0.080 Loaded shared library c:\Users\ACER\.vscode\extensions\redhat.java-1.53.0-win32-x64\jre\21.0.10-win32-x86_64\bin\java.dll
Event: 0.358 Loaded shared library c:\Users\ACER\.vscode\extensions\redhat.java-1.53.0-win32-x64\jre\21.0.10-win32-x86_64\bin\zip.dll
Event: 0.435 Loaded shared library C:\Users\ACER\.vscode\extensions\redhat.java-1.53.0-win32-x64\jre\21.0.10-win32-x86_64\bin\instrument.dll
Event: 0.449 Loaded shared library C:\Users\ACER\.vscode\extensions\redhat.java-1.53.0-win32-x64\jre\21.0.10-win32-x86_64\bin\net.dll
Event: 0.455 Loaded shared library C:\Users\ACER\.vscode\extensions\redhat.java-1.53.0-win32-x64\jre\21.0.10-win32-x86_64\bin\nio.dll
Event: 0.463 Loaded shared library C:\Users\ACER\.vscode\extensions\redhat.java-1.53.0-win32-x64\jre\21.0.10-win32-x86_64\bin\zip.dll
Event: 0.527 Loaded shared library C:\Users\ACER\.vscode\extensions\redhat.java-1.53.0-win32-x64\jre\21.0.10-win32-x86_64\bin\jimage.dll
Event: 0.775 Loaded shared library c:\Users\ACER\.vscode\extensions\redhat.java-1.53.0-win32-x64\jre\21.0.10-win32-x86_64\bin\verify.dll

Deoptimization events (20 events):
Event: 4.151 Thread 0x000001d2cfc04830 Uncommon trap: trap_request=0xffffffde fr.pc=0x000001d2da9727a0 relative=0x0000000000000ac0
Event: 4.151 Thread 0x000001d2cfc04830 Uncommon trap: reason=class_check action=maybe_recompile pc=0x000001d2da9727a0 method=java.util.HashMap.putVal(ILjava/lang/Object;Ljava/lang/Object;ZZ)Ljava/lang/Object; @ 253 c2
Event: 4.151 Thread 0x000001d2cfc04830 DEOPT PACKING pc=0x000001d2da9727a0 sp=0x00000092639fe2e0
Event: 4.151 Thread 0x000001d2cfc04830 DEOPT UNPACKING pc=0x000001d2da393aa2 sp=0x00000092639fe208 mode 2
Event: 4.156 Thread 0x000001d2cfc04830 Uncommon trap: trap_request=0xffffffde fr.pc=0x000001d2da9727a0 relative=0x0000000000000ac0
Event: 4.156 Thread 0x000001d2cfc04830 Uncommon trap: reason=class_check action=maybe_recompile pc=0x000001d2da9727a0 method=java.util.HashMap.putVal(ILjava/lang/Object;Ljava/lang/Object;ZZ)Ljava/lang/Object; @ 253 c2
Event: 4.156 Thread 0x000001d2cfc04830 DEOPT PACKING pc=0x000001d2da9727a0 sp=0x00000092639fe2e0
Event: 4.156 Thread 0x000001d2cfc04830 DEOPT UNPACKING pc=0x000001d2da393aa2 sp=0x00000092639fe208 mode 2
Event: 4.157 Thread 0x000001d2cfc04830 Uncommon trap: trap_request=0xffffffde fr.pc=0x000001d2da955880 relative=0x0000000000000920
Event: 4.157 Thread 0x000001d2cfc04830 Uncommon trap: reason=class_check action=maybe_recompile pc=0x000001d2da955880 method=java.util.HashMap.putVal(ILjava/lang/Object;Ljava/lang/Object;ZZ)Ljava/lang/Object; @ 253 c2
Event: 4.157 Thread 0x000001d2cfc04830 DEOPT PACKING pc=0x000001d2da955880 sp=0x00000092639fe140
Event: 4.157 Thread 0x000001d2cfc04830 DEOPT UNPACKING pc=0x000001d2da393aa2 sp=0x00000092639fe100 mode 2
Event: 4.490 Thread 0x000001d2cfc04830 DEOPT PACKING pc=0x000001d2d2f90908 sp=0x00000092639fc490
Event: 4.490 Thread 0x000001d2cfc04830 DEOPT UNPACKING pc=0x000001d2da394242 sp=0x00000092639fb910 mode 0
Event: 4.493 Thread 0x000001d2cfc04830 DEOPT PACKING pc=0x000001d2d2f90908 sp=0x00000092639fc7a0
Event: 4.494 Thread 0x000001d2cfc04830 DEOPT UNPACKING pc=0x000001d2da394242 sp=0x00000092639fbc20 mode 0
Event: 4.496 Thread 0x000001d2cfc04830 DEOPT PACKING pc=0x000001d2d2f90908 sp=0x00000092639fc6f0
Event: 4.496 Thread 0x000001d2cfc04830 DEOPT UNPACKING pc=0x000001d2da394242 sp=0x00000092639fbb70 mode 0
Event: 4.507 Thread 0x000001d2cfc04830 DEOPT PACKING pc=0x000001d2d2f90908 sp=0x00000092639fc9f0
Event: 4.507 Thread 0x000001d2cfc04830 DEOPT UNPACKING pc=0x000001d2da394242 sp=0x00000092639fbe70 mode 0

Classes loaded (20 events):
Event: 4.481 Loading class java/security/KeyStoreException
Event: 4.482 Loading class java/security/KeyStoreException done
Event: 4.543 Loading class java/util/LinkedList$Node
Event: 4.543 Loading class java/util/LinkedList$Node done
Event: 4.543 Loading class java/util/LinkedList$ListItr
Event: 4.544 Loading class java/util/LinkedList$ListItr done
Event: 4.546 Loading class java/lang/Thread$Builder$OfPlatform
Event: 4.547 Loading class java/lang/Thread$Builder
Event: 4.547 Loading class java/lang/Thread$Builder done
Event: 4.548 Loading class java/lang/Thread$Builder$OfPlatform done
Event: 4.548 Loading class java/lang/Thread$Builder$OfVirtual
Event: 4.548 Loading class java/lang/Thread$Builder$OfVirtual done
Event: 4.594 Loading class sun/nio/fs/WindowsChannelFactory
Event: 4.596 Loading class sun/nio/fs/WindowsChannelFactory done
Event: 4.597 Loading class sun/nio/fs/WindowsChannelFactory$1
Event: 4.597 Loading class sun/nio/fs/WindowsChannelFactory$1 done
Event: 4.597 Loading class sun/nio/fs/WindowsChannelFactory$Flags
Event: 4.597 Loading class sun/nio/fs/WindowsChannelFactory$Flags done
Event: 4.597 Loading class sun/nio/ch/FileChannelImpl$Closer
Event: 4.598 Loading class sun/nio/ch/FileChannelImpl$Closer done

Classes unloaded (0 events):
No events

Classes redefined (0 events):
No events

Internal exceptions (20 events):
Event: 1.686 Thread 0x000001d2cfc04830 Exception <a 'java/lang/NoSuchMethodError'{0x00000000d65648e8}: 'int java.lang.invoke.DirectMethodHandle$Holder.invokeStatic(java.lang.Object, java.lang.Object, java.lang.Object, java.lang.Object, java.lang.Object)'> (0x00000000d65648e8) 
thrown [s\src\hotspot\share\interpreter\linkResolver.cpp, line 773]
Event: 1.804 Thread 0x000001d2cfc04830 Exception <a 'java/lang/NoSuchMethodError'{0x00000000d65f8e70}: 'java.lang.Object java.lang.invoke.DirectMethodHandle$Holder.invokeInterface(java.lang.Object, java.lang.Object, int)'> (0x00000000d65f8e70) 
thrown [s\src\hotspot\share\interpreter\linkResolver.cpp, line 773]
Event: 2.099 Thread 0x000001d2cfc04830 Exception <a 'java/lang/NoSuchMethodError'{0x00000000d6a5ef68}: 'java.lang.ClassLoader java.lang.ClassLoader.getPlatformClassLoader(java.lang.Class)'> (0x00000000d6a5ef68) 
thrown [s\src\hotspot\share\interpreter\linkResolver.cpp, line 773]
Event: 2.306 Thread 0x000001d2cfc04830 Exception <a 'java/lang/ClassNotFoundException'{0x00000000d6e7b9c0}: sun/net/www/protocol/c/Handler> (0x00000000d6e7b9c0) 
thrown [s\src\hotspot\share\classfile\systemDictionary.cpp, line 312]
Event: 2.307 Thread 0x000001d2cfc04830 Exception <a 'java/lang/ClassNotFoundException'{0x00000000d6e7cd98}: sun/net/www/protocol/c/Handler> (0x00000000d6e7cd98) 
thrown [s\src\hotspot\share\classfile\systemDictionary.cpp, line 312]
Event: 2.307 Thread 0x000001d2cfc04830 Exception <a 'java/lang/ClassNotFoundException'{0x00000000d6e7dfd0}: sun/net/www/protocol/c/Handler> (0x00000000d6e7dfd0) 
thrown [s\src\hotspot\share\classfile\systemDictionary.cpp, line 312]
Event: 2.342 Thread 0x000001d2cfc04830 Exception <a 'java/io/FileNotFoundException'{0x00000000d55a64d0}> (0x00000000d55a64d0) 
thrown [s\src\hotspot\share\prims\jni.cpp, line 520]
Event: 2.489 Thread 0x000001d2cfc04830 Implicit null exception at 0x000001d2da935249 to 0x000001d2da935bb8
Event: 2.490 Thread 0x000001d2cfc04830 Implicit null exception at 0x000001d2da93901a to 0x000001d2da939224
Event: 2.491 Thread 0x000001d2cfc04830 Exception <a 'java/lang/NoSuchMethodError'{0x00000000d56d5d28}: 'void java.lang.invoke.DirectMethodHandle$Holder.invokeStatic(java.lang.Object, java.lang.Object, java.lang.Object, java.lang.Object)'> (0x00000000d56d5d28) 
thrown [s\src\hotspot\share\interpreter\linkResolver.cpp, line 773]
Event: 2.493 Thread 0x000001d2cfc04830 Implicit null exception at 0x000001d2da939bbd to 0x000001d2da939c41
Event: 2.684 Thread 0x000001d2cfc04830 Exception <a 'java/lang/NoSuchMethodError'{0x00000000d5998b00}: 'void java.lang.invoke.DirectMethodHandle$Holder.invokeSpecial(java.lang.Object, java.lang.Object, java.lang.Object)'> (0x00000000d5998b00) 
thrown [s\src\hotspot\share\interpreter\linkResolver.cpp, line 773]
Event: 3.546 Thread 0x000001d2cfc04830 Exception <a 'java/lang/NoSuchMethodError'{0x00000000d62c7ad0}: 'int java.lang.invoke.DirectMethodHandle$Holder.invokeVirtual(java.lang.Object, java.lang.Object)'> (0x00000000d62c7ad0) 
thrown [s\src\hotspot\share\interpreter\linkResolver.cpp, line 773]
Event: 3.748 Thread 0x000001d2cfc04830 Exception <a 'java/lang/NoSuchMethodError'{0x00000000d644baf0}: 'int java.lang.invoke.DirectMethodHandle$Holder.invokeStaticInit(java.lang.Object, java.lang.Object, java.lang.Object, java.lang.Object)'> (0x00000000d644baf0) 
thrown [s\src\hotspot\share\interpreter\linkResolver.cpp, line 773]
Event: 3.750 Thread 0x000001d2cfc04830 Exception <a 'java/lang/IncompatibleClassChangeError'{0x00000000d6453ef8}: Found class java.lang.Object, but interface was expected> (0x00000000d6453ef8) 
thrown [s\src\hotspot\share\interpreter\linkResolver.cpp, line 840]
Event: 3.752 Thread 0x000001d2cfc04830 Exception <a 'java/lang/NoSuchMethodError'{0x00000000d645adc8}: 'void java.lang.invoke.DirectMethodHandle$Holder.invokeStaticInit(java.lang.Object, java.lang.Object)'> (0x00000000d645adc8) 
thrown [s\src\hotspot\share\interpreter\linkResolver.cpp, line 773]
Event: 3.754 Thread 0x000001d2cfc04830 Exception <a 'java/lang/NoSuchMethodError'{0x00000000d6464880}: 'int java.lang.invoke.DirectMethodHandle$Holder.invokeStaticInit(java.lang.Object, java.lang.Object)'> (0x00000000d6464880) 
thrown [s\src\hotspot\share\interpreter\linkResolver.cpp, line 773]
Event: 4.048 Thread 0x000001d2cfc04830 Exception <a 'java/lang/NoSuchMethodError'{0x00000000d66beda8}: 'java.lang.Object java.lang.invoke.DirectMethodHandle$Holder.newInvokeSpecial(java.lang.Object, int, java.lang.Object)'> (0x00000000d66beda8) 
thrown [s\src\hotspot\share\interpreter\linkResolver.cpp, line 773]
Event: 4.400 Thread 0x000001d2cfc04830 Exception <a 'java/lang/ClassNotFoundException'{0x00000000d68d8ee0}: sun/net/www/protocol/plurl/Handler> (0x00000000d68d8ee0) 
thrown [s\src\hotspot\share\classfile\systemDictionary.cpp, line 312]
Event: 4.401 Thread 0x000001d2cfc04830 Exception <a 'java/lang/ClassNotFoundException'{0x00000000d68d9d60}: sun/net/www/protocol/plurl/Handler> (0x00000000d68d9d60) 
thrown [s\src\hotspot\share\classfile\systemDictionary.cpp, line 312]

ZGC Phase Switch (0 events):
No events

VM Operations (20 events):
Event: 0.571 Executing non-safepoint VM operation: HandshakeAllThreads (Deoptimize)
Event: 0.571 Executing non-safepoint VM operation: HandshakeAllThreads (Deoptimize) done
Event: 1.428 Executing non-safepoint VM operation: HandshakeAllThreads (Deoptimize)
Event: 1.428 Executing non-safepoint VM operation: HandshakeAllThreads (Deoptimize) done
Event: 1.428 Executing safepoint VM operation: Cleanup
Event: 1.429 Executing safepoint VM operation: Cleanup done
Event: 1.496 Executing non-safepoint VM operation: HandshakeAllThreads (Deoptimize)
Event: 1.496 Executing non-safepoint VM operation: HandshakeAllThreads (Deoptimize) done
Event: 2.309 Executing safepoint VM operation: ParallelGCFailedAllocation (Allocation Failure)
Event: 2.325 Executing safepoint VM operation: ParallelGCFailedAllocation (Allocation Failure) done
Event: 3.336 Executing safepoint VM operation: Cleanup
Event: 3.336 Executing safepoint VM operation: Cleanup done
Event: 3.921 Executing non-safepoint VM operation: HandshakeAllThreads (Deoptimize)
Event: 3.921 Executing non-safepoint VM operation: HandshakeAllThreads (Deoptimize) done
Event: 3.949 Executing non-safepoint VM operation: HandshakeAllThreads (Deoptimize)
Event: 3.949 Executing non-safepoint VM operation: HandshakeAllThreads (Deoptimize) done
Event: 4.241 Executing non-safepoint VM operation: HandshakeAllThreads (Deoptimize)
Event: 4.242 Executing non-safepoint VM operation: HandshakeAllThreads (Deoptimize) done
Event: 4.291 Executing non-safepoint VM operation: HandshakeAllThreads (Deoptimize)
Event: 4.291 Executing non-safepoint VM operation: HandshakeAllThreads (Deoptimize) done

Memory protections (0 events):
No events

Nmethod flushes (0 events):
No events

Events (12 events):
Event: 0.184 Thread 0x000001d2cfc04830 Thread added: 0x000001d2cfc04830
Event: 0.239 Thread 0x000001d2cfc04830 Thread added: 0x000001d2cfae8f40
Event: 0.239 Thread 0x000001d2cfc04830 Thread added: 0x000001d2cfaea7b0
Event: 0.240 Thread 0x000001d2cfc04830 Thread added: 0x000001d2cfaec380
Event: 0.241 Thread 0x000001d2cfc04830 Thread added: 0x000001d2cfaed4f0
Event: 0.241 Thread 0x000001d2cfc04830 Thread added: 0x000001d2cfaf09c0
Event: 0.241 Thread 0x000001d2cfc04830 Thread added: 0x000001d2cfaf7600
Event: 0.242 Thread 0x000001d2cfc04830 Thread added: 0x000001d2cfb06810
Event: 0.242 Thread 0x000001d2cfc04830 Thread added: 0x000001d2cfb303e0
Event: 0.441 Thread 0x000001d2cfc04830 Thread added: 0x000001d2e7315230
Event: 1.058 Thread 0x000001d2cfc04830 Thread added: 0x000001d2e7403140
Event: 3.842 Thread 0x000001d2cfc04830 Thread added: 0x000001d2e78d3780


Dynamic libraries:
0x00007ff794620000 - 0x00007ff79462e000 	c:\Users\ACER\.vscode\extensions\redhat.java-1.53.0-win32-x64\jre\21.0.10-win32-x86_64\bin\java.exe
0x00007ffa2ed70000 - 0x00007ffa2ef68000 	C:\Windows\SYSTEM32\ntdll.dll
0x00007ffa2d9a0000 - 0x00007ffa2da62000 	C:\Windows\System32\KERNEL32.DLL
0x00007ffa2c610000 - 0x00007ffa2c906000 	C:\Windows\System32\KERNELBASE.dll
0x00007ffa2cc60000 - 0x00007ffa2cd60000 	C:\Windows\System32\ucrtbase.dll
0x00007ffa26f30000 - 0x00007ffa26f48000 	c:\Users\ACER\.vscode\extensions\redhat.java-1.53.0-win32-x64\jre\21.0.10-win32-x86_64\bin\jli.dll
0x00007ffa2d130000 - 0x00007ffa2d2d1000 	C:\Windows\System32\USER32.dll
0x00007ffa2cd60000 - 0x00007ffa2cd82000 	C:\Windows\System32\win32u.dll
0x00007ffa2d400000 - 0x00007ffa2d42b000 	C:\Windows\System32\GDI32.dll
0x00007ffa2caf0000 - 0x00007ffa2cc09000 	C:\Windows\System32\gdi32full.dll
0x00007ffa1aec0000 - 0x00007ffa1b15b000 	C:\Windows\WinSxS\amd64_microsoft.windows.common-controls_6595b64144ccf1df_6.0.19041.6456_none_60b8a6cb71f64256\COMCTL32.dll
0x00007ffa2c910000 - 0x00007ffa2c9ad000 	C:\Windows\System32\msvcp_win.dll
0x00007ffa26800000 - 0x00007ffa2681e000 	c:\Users\ACER\.vscode\extensions\redhat.java-1.53.0-win32-x64\jre\21.0.10-win32-x86_64\bin\VCRUNTIME140.dll
0x00007ffa2e160000 - 0x00007ffa2e1fe000 	C:\Windows\System32\msvcrt.dll
0x00007ffa2e3b0000 - 0x00007ffa2e3df000 	C:\Windows\System32\IMM32.DLL
0x00007ffa278b0000 - 0x00007ffa278bc000 	c:\Users\ACER\.vscode\extensions\redhat.java-1.53.0-win32-x64\jre\21.0.10-win32-x86_64\bin\vcruntime140_1.dll
0x00007ffa26770000 - 0x00007ffa267fd000 	c:\Users\ACER\.vscode\extensions\redhat.java-1.53.0-win32-x64\jre\21.0.10-win32-x86_64\bin\msvcp140.dll
0x00007ff9ef240000 - 0x00007ff9effe1000 	c:\Users\ACER\.vscode\extensions\redhat.java-1.53.0-win32-x64\jre\21.0.10-win32-x86_64\bin\server\jvm.dll
0x00007ffa2e3e0000 - 0x00007ffa2e491000 	C:\Windows\System32\ADVAPI32.dll
0x00007ffa2cfe0000 - 0x00007ffa2d07f000 	C:\Windows\System32\sechost.dll
0x00007ffa2ec10000 - 0x00007ffa2ed30000 	C:\Windows\System32\RPCRT4.dll
0x00007ffa2c480000 - 0x00007ffa2c4a7000 	C:\Windows\System32\bcrypt.dll
0x00007ffa2da70000 - 0x00007ffa2dadb000 	C:\Windows\System32\WS2_32.dll
0x00007ffa2b950000 - 0x00007ffa2b99b000 	C:\Windows\SYSTEM32\POWRPROF.dll
0x00007ffa1b1b0000 - 0x00007ffa1b1d7000 	C:\Windows\SYSTEM32\WINMM.dll
0x00007ffa1b930000 - 0x00007ffa1b93a000 	C:\Windows\SYSTEM32\VERSION.dll
0x00007ffa2b7c0000 - 0x00007ffa2b7d2000 	C:\Windows\SYSTEM32\UMPDC.dll
0x00007ffa2a230000 - 0x00007ffa2a242000 	C:\Windows\SYSTEM32\kernel.appcore.dll
0x00007ffa26760000 - 0x00007ffa2676a000 	c:\Users\ACER\.vscode\extensions\redhat.java-1.53.0-win32-x64\jre\21.0.10-win32-x86_64\bin\jimage.dll
0x00007ffa1b1f0000 - 0x00007ffa1b3f1000 	C:\Windows\SYSTEM32\DBGHELP.DLL
0x00007ffa1a070000 - 0x00007ffa1a0a4000 	C:\Windows\SYSTEM32\dbgcore.DLL
0x00007ffa2c9b0000 - 0x00007ffa2ca32000 	C:\Windows\System32\bcryptPrimitives.dll
0x00007ffa26750000 - 0x00007ffa2675f000 	c:\Users\ACER\.vscode\extensions\redhat.java-1.53.0-win32-x64\jre\21.0.10-win32-x86_64\bin\instrument.dll
0x00007ffa26730000 - 0x00007ffa26750000 	c:\Users\ACER\.vscode\extensions\redhat.java-1.53.0-win32-x64\jre\21.0.10-win32-x86_64\bin\java.dll
0x00007ffa2e4a0000 - 0x00007ffa2ec10000 	C:\Windows\System32\SHELL32.dll
0x00007ffa2a430000 - 0x00007ffa2abd5000 	C:\Windows\SYSTEM32\windows.storage.dll
0x00007ffa2dd70000 - 0x00007ffa2e0c4000 	C:\Windows\System32\combase.dll
0x00007ffa2bd50000 - 0x00007ffa2bd7b000 	C:\Windows\SYSTEM32\Wldp.dll
0x00007ffa2d8b0000 - 0x00007ffa2d97d000 	C:\Windows\System32\OLEAUT32.dll
0x00007ffa2cd90000 - 0x00007ffa2ce3d000 	C:\Windows\System32\SHCORE.dll
0x00007ffa2e220000 - 0x00007ffa2e27b000 	C:\Windows\System32\shlwapi.dll
0x00007ffa2c330000 - 0x00007ffa2c354000 	C:\Windows\SYSTEM32\profapi.dll
0x00007ffa26710000 - 0x00007ffa26728000 	c:\Users\ACER\.vscode\extensions\redhat.java-1.53.0-win32-x64\jre\21.0.10-win32-x86_64\bin\zip.dll
0x00007ffa26700000 - 0x00007ffa26710000 	C:\Users\ACER\.vscode\extensions\redhat.java-1.53.0-win32-x64\jre\21.0.10-win32-x86_64\bin\net.dll
0x00007ffa23210000 - 0x00007ffa2331a000 	C:\Windows\SYSTEM32\WINHTTP.dll
0x00007ffa2bb30000 - 0x00007ffa2bb9a000 	C:\Windows\system32\mswsock.dll
0x00007ffa266e0000 - 0x00007ffa266f6000 	C:\Users\ACER\.vscode\extensions\redhat.java-1.53.0-win32-x64\jre\21.0.10-win32-x86_64\bin\nio.dll
0x00007ffa266d0000 - 0x00007ffa266e0000 	c:\Users\ACER\.vscode\extensions\redhat.java-1.53.0-win32-x64\jre\21.0.10-win32-x86_64\bin\verify.dll

JVMTI agents:
c:\Users\ACER\.vscode\extensions\redhat.java-1.53.0-win32-x64\lombok\lombok-1.18.39-4050.jar path:c:\Users\ACER\.vscode\extensions\redhat.java-1.53.0-win32-x64\jre\21.0.10-win32-x86_64\bin\instrument.dll, loaded, initialized, instrumentlib options:none

dbghelp: loaded successfully - version: 4.0.5 - missing functions: none
symbol engine: initialized successfully - sym options: 0x614 - pdb path: .;c:\Users\ACER\.vscode\extensions\redhat.java-1.53.0-win32-x64\jre\21.0.10-win32-x86_64\bin;C:\Windows\SYSTEM32;C:\Windows\WinSxS\amd64_microsoft.windows.common-controls_6595b64144ccf1df_6.0.19041.6456_none_60b8a6cb71f64256;c:\Users\ACER\.vscode\extensions\redhat.java-1.53.0-win32-x64\jre\21.0.10-win32-x86_64\bin\server

VM Arguments:
jvm_args: --add-modules=ALL-SYSTEM --add-opens=java.base/java.util=ALL-UNNAMED --add-opens=java.base/java.lang=ALL-UNNAMED --add-opens=java.base/sun.nio.fs=ALL-UNNAMED -Declipse.application=org.eclipse.jdt.ls.core.id1 -Dosgi.bundles.defaultStartLevel=4 -Declipse.product=org.eclipse.jdt.ls.core.product -Djava.import.generatesMetadataFilesAtProjectRoot=false -DDetectVMInstallationsJob.disabled=true -Dfile.encoding=utf8 -XX:+UseParallelGC -XX:GCTimeRatio=4 -XX:AdaptiveSizePolicyWeight=90 -Dsun.zip.disableMemoryMapping=true -Xmx2G -Xms100m -Xlog:disable -javaagent:c:\Users\ACER\.vscode\extensions\redhat.java-1.53.0-win32-x64\lombok\lombok-1.18.39-4050.jar 
java_command: c:\Users\ACER\.vscode\extensions\redhat.java-1.53.0-win32-x64\server\plugins\org.eclipse.equinox.launcher_1.7.100.v20251111-0406.jar -configuration c:\Users\ACER\AppData\Roaming\Code\User\globalStorage\redhat.java\1.53.0\config_ss_win -data c:\Users\ACER\AppData\Roaming\Code\User\workspaceStorage\8249dfd496b60de5293caa00bb29f171\redhat.java\ss_ws --pipe=\\.\pipe\lsp-36371c2528a8580c8c7dfa823373667d-sock
java_class_path (initial): c:\Users\ACER\.vscode\extensions\redhat.java-1.53.0-win32-x64\server\plugins\org.eclipse.equinox.launcher_1.7.100.v20251111-0406.jar
Launcher Type: SUN_STANDARD

[Global flags]
    uintx AdaptiveSizePolicyWeight                 = 90                                        {product} {command line}
     intx CICompilerCount                          = 3                                         {product} {ergonomic}
    uintx GCTimeRatio                              = 4                                         {product} {command line}
   size_t InitialHeapSize                          = 104857600                                 {product} {command line}
   size_t MaxHeapSize                              = 2147483648                                {product} {command line}
   size_t MaxNewSize                               = 715653120                                 {product} {ergonomic}
   size_t MinHeapDeltaBytes                        = 524288                                    {product} {ergonomic}
   size_t MinHeapSize                              = 104857600                                 {product} {command line}
   size_t NewSize                                  = 34603008                                  {product} {ergonomic}
    uintx NonNMethodCodeHeapSize                   = 5832780                                {pd product} {ergonomic}
    uintx NonProfiledCodeHeapSize                  = 122912730                              {pd product} {ergonomic}
   size_t OldSize                                  = 70254592                                  {product} {ergonomic}
    uintx ProfiledCodeHeapSize                     = 122912730                              {pd product} {ergonomic}
    uintx ReservedCodeCacheSize                    = 251658240                              {pd product} {ergonomic}
     bool SegmentedCodeCache                       = true                                      {product} {ergonomic}
   size_t SoftMaxHeapSize                          = 2147483648                             {manageable} {ergonomic}
     bool UseCompressedOops                        = true                           {product lp64_product} {ergonomic}
     bool UseLargePagesIndividualAllocation        = false                                  {pd product} {ergonomic}
     bool UseParallelGC                            = true                                      {product} {command line}

Logging:
Log output configuration:
 #0: stdout all=off uptime,level,tags foldmultilines=false
 #1: stderr all=off uptime,level,tags foldmultilines=false

Release file:
JAVA_VERSION="21.0.10" 
MODULES="java.base java.compiler java.datatransfer java.xml java.prefs java.desktop java.instrument java.logging java.management java.security.sasl java.naming java.rmi java.management.rmi java.net.http java.scripting java.security.jgss java.transaction.xa java.sql java.sql.rowset java.xml.crypto java.se java.smartcardio jdk.accessibility jdk.internal.jvmstat jdk.attach jdk.charsets jdk.internal.opt jdk.zipfs jdk.compiler jdk.crypto.ec jdk.crypto.cryptoki jdk.crypto.mscapi jdk.dynalink jdk.internal.ed jdk.editpad jdk.hotspot.agent jdk.httpserver jdk.internal.le jdk.internal.vm.ci jdk.internal.vm.compiler jdk.internal.vm.compiler.management jdk.jartool jdk.javadoc jdk.jcmd jdk.management jdk.management.agent jdk.jconsole jdk.jdeps jdk.jdwp.agent jdk.jdi jdk.jfr jdk.jshell jdk.jsobject jdk.jstatd jdk.localedata jdk.management.jfr jdk.naming.dns jdk.naming.rmi jdk.net jdk.nio.mapmode jdk.random jdk.sctp jdk.security.auth jdk.security.jgss jdk.unsupported jdk.unsupported.desktop jdk.xml.dom" 

Environment Variables:
JAVA_HOME=C:\Program Files\Java\jdk-17
PATH=C:\Program Files\Google\Chrome\Application;C:\app\ACER\product\21c\dbhomeXE\bin;C:\Program Files\Common Files\Oracle\Java\javapath;C:\Windows\system32;C:\Windows;C:\Windows\System32\Wbem;C:\Windows\System32\WindowsPowerShell\v1.0\;C:\Windows\System32\OpenSSH\;C:\apache-maven-3.9.11\bin;C:\Program Files\MySQL\MySQL Server 8.0\bin;C:\apache-tomcat-9.0.96\bin;C:\Program Files\Java\jdk-17\bin;C:\Program Files\nodejs\;C:\Program Files\PowerShell\7\;C:\Program Files\Docker\Docker\resources\bin;C:\Program Files\Git\cmd;C:\Program Files\PuTTY\;C:\Users\ACER\AppData\Local\Programs\Python\Python314\Scripts\;C:\Users\ACER\AppData\Local\Programs\Python\Python314\;C:\Users\ACER\AppData\Local\Programs\Python\Launcher\;C:\Program Files\MySQL\MySQL Shell 8.0\bin\;C:\Users\ACER\AppData\Local\Microsoft\WindowsApps;C:\Program Files\Java\jdk-17\bin;C:\Program Files\JetBrains\IntelliJ IDEA Community Edition 2025.2.3\bin;C:\Users\ACER\AppData\Local\Programs\Microsoft VS Code\bin;C:\Users\ACER\AppData\Roaming\npm;C:\Users\ACER\AppData\Local\GitHubDesktop\bin;C:\ProgramData\ACER\GitHubDesktop\bin;C:\Users\ACER\AppData\Local\Microsoft\WinGet\Packages\GitHub.Copilot_Microsoft.Winget.Source_8wekyb3d8bbwe;
USERNAME=ACER
OS=Windows_NT
PROCESSOR_IDENTIFIER=Intel64 Family 6 Model 61 Stepping 4, GenuineIntel
TMP=C:\Users\ACER\AppData\Local\Temp
TEMP=C:\Users\ACER\AppData\Local\Temp




Periodic native trim disabled

---------------  S Y S T E M  ---------------

OS:
 Windows 10 , 64 bit Build 19041 (10.0.19041.5915)
OS uptime: 0 days 0:59 hours
Hyper-V role detected

CPU: total 4 (initial active 4) (2 cores per cpu, 2 threads per core) family 6 model 61 stepping 4 microcode 0x2d, cx8, cmov, fxsr, ht, mmx, 3dnowpref, sse, sse2, sse3, ssse3, sse4.1, sse4.2, popcnt, lzcnt, tsc, tscinvbit, avx, avx2, aes, erms, clmul, bmi1, bmi2, adx, fma, vzeroupper, clflush, hv, rdtscp, f16c
Processor Information for the first 4 processors :
  Max Mhz: 2000, Current Mhz: 2000, Mhz Limit: 2000

Memory: 4k page, system-wide physical 4016M (211M free)
TotalPageFile size 8112M (AvailPageFile size 0M)
current process WorkingSet (physical memory assigned to process): 85M, peak: 85M
current process commit charge ("private bytes"): 225M, peak: 226M

vm_info: OpenJDK 64-Bit Server VM (21.0.10+7-LTS) for windows-amd64 JRE (21.0.10+7-LTS), built on 2026-01-20T00:00:00Z by "admin" with MS VC++ 17.12 (VS2022)

END.
